<?xml version="1.0" encoding="UTF-8"?>
<testsuite name="com.arpitbatra.currencyconverter.ExampleUnitTest" tests="1" skipped="0" failures="0" errors="0" timestamp="2022-01-09T14:13:40" hostname="naitik-Lenovo-IdeaPad-S145-15API" time="0.001">
  <properties/>
  <testcase name="addition_isCorrect" classname="com.arpitbatra.currencyconverter.ExampleUnitTest" time="0.001"/>
  <system-out><![CDATA[]]></system-out>
  <system-err><![CDATA[]]></system-err>
</testsuite>
